<?xml version="1.0" encoding="UTF-8"?>
<testsuite name="SILab2Test" tests="1" skipped="0" failures="0" errors="0" timestamp="2021-05-22T08:40:04" hostname="DESKTOP-L0TUFI7" time="0.051">
  <properties/>
  <testcase name="multipleCondition()" classname="SILab2Test" time="0.051"/>
  <system-out><![CDATA[]]></system-out>
  <system-err><![CDATA[]]></system-err>
</testsuite>
